2021/12/19 20:33:27 [notice] 1#1: using the "epoll" event method
2021/12/19 20:33:27 [notice] 1#1: nginx/1.21.4
2021/12/19 20:33:27 [notice] 1#1: built by gcc 10.3.1 20210424 (Alpine 10.3.1_git20210424) 
2021/12/19 20:33:27 [notice] 1#1: OS: Linux 5.4.0-90-generic
2021/12/19 20:33:27 [notice] 1#1: getrlimit(RLIMIT_NOFILE): 1048576:1048576
2021/12/19 20:33:27 [notice] 1#1: start worker processes
2021/12/19 20:33:27 [notice] 1#1: start worker process 33
2021/12/19 20:33:27 [notice] 1#1: start worker process 34
2021/12/19 20:33:27 [notice] 1#1: start worker process 35
2021/12/19 20:33:27 [notice] 1#1: start worker process 36
2021/12/19 20:34:51 [notice] 1#1: signal 3 (SIGQUIT) received, shutting down
2021/12/19 20:34:51 [notice] 33#33: gracefully shutting down
2021/12/19 20:34:51 [notice] 36#36: gracefully shutting down
2021/12/19 20:34:51 [notice] 33#33: exiting
2021/12/19 20:34:51 [notice] 36#36: exiting
2021/12/19 20:34:51 [notice] 33#33: exit
2021/12/19 20:34:51 [notice] 36#36: exit
2021/12/19 20:34:51 [notice] 34#34: gracefully shutting down
2021/12/19 20:34:51 [notice] 34#34: exiting
2021/12/19 20:34:51 [notice] 35#35: gracefully shutting down
2021/12/19 20:34:51 [notice] 34#34: exit
2021/12/19 20:34:51 [notice] 35#35: exiting
2021/12/19 20:34:51 [notice] 35#35: exit
2021/12/19 20:34:51 [notice] 1#1: signal 17 (SIGCHLD) received from 33
2021/12/19 20:34:51 [notice] 1#1: worker process 33 exited with code 0
2021/12/19 20:34:51 [notice] 1#1: worker process 34 exited with code 0
2021/12/19 20:34:51 [notice] 1#1: signal 29 (SIGIO) received
2021/12/19 20:34:51 [notice] 1#1: signal 17 (SIGCHLD) received from 34
2021/12/19 20:34:51 [notice] 1#1: signal 17 (SIGCHLD) received from 36
2021/12/19 20:34:51 [notice] 1#1: worker process 36 exited with code 0
2021/12/19 20:34:51 [notice] 1#1: signal 29 (SIGIO) received
2021/12/19 20:34:51 [notice] 1#1: signal 17 (SIGCHLD) received from 35
2021/12/19 20:34:51 [notice] 1#1: worker process 35 exited with code 0
2021/12/19 20:34:51 [notice] 1#1: exit
2021/12/19 21:29:07 [notice] 1#1: using the "epoll" event method
2021/12/19 21:29:07 [notice] 1#1: nginx/1.21.4
2021/12/19 21:29:07 [notice] 1#1: built by gcc 10.3.1 20210424 (Alpine 10.3.1_git20210424) 
2021/12/19 21:29:07 [notice] 1#1: OS: Linux 5.4.0-90-generic
2021/12/19 21:29:07 [notice] 1#1: getrlimit(RLIMIT_NOFILE): 1048576:1048576
2021/12/19 21:29:07 [notice] 1#1: start worker processes
2021/12/19 21:29:07 [notice] 1#1: start worker process 33
2021/12/19 21:29:07 [notice] 1#1: start worker process 34
2021/12/19 21:29:07 [notice] 1#1: start worker process 35
2021/12/19 21:29:07 [notice] 1#1: start worker process 36
2021/12/19 21:33:02 [notice] 1#1: signal 3 (SIGQUIT) received, shutting down
2021/12/19 21:33:02 [notice] 34#34: gracefully shutting down
2021/12/19 21:33:02 [notice] 33#33: gracefully shutting down
2021/12/19 21:33:02 [notice] 36#36: gracefully shutting down
2021/12/19 21:33:02 [notice] 35#35: gracefully shutting down
2021/12/19 21:33:02 [notice] 34#34: exiting
2021/12/19 21:33:02 [notice] 33#33: exiting
2021/12/19 21:33:02 [notice] 36#36: exiting
2021/12/19 21:33:02 [notice] 35#35: exiting
2021/12/19 21:33:02 [notice] 36#36: exit
2021/12/19 21:33:02 [notice] 33#33: exit
2021/12/19 21:33:02 [notice] 35#35: exit
2021/12/19 21:33:02 [notice] 34#34: exit
2021/12/19 21:33:02 [notice] 1#1: signal 17 (SIGCHLD) received from 36
2021/12/19 21:33:02 [notice] 1#1: worker process 36 exited with code 0
2021/12/19 21:33:02 [notice] 1#1: signal 29 (SIGIO) received
2021/12/19 21:33:02 [notice] 1#1: signal 17 (SIGCHLD) received from 35
2021/12/19 21:33:02 [notice] 1#1: worker process 33 exited with code 0
2021/12/19 21:33:02 [notice] 1#1: worker process 34 exited with code 0
2021/12/19 21:33:02 [notice] 1#1: worker process 35 exited with code 0
2021/12/19 21:33:02 [notice] 1#1: exit
2021/12/19 21:56:10 [notice] 1#1: using the "epoll" event method
2021/12/19 21:56:10 [notice] 1#1: nginx/1.21.4
2021/12/19 21:56:10 [notice] 1#1: built by gcc 10.3.1 20210424 (Alpine 10.3.1_git20210424) 
2021/12/19 21:56:10 [notice] 1#1: OS: Linux 5.4.0-90-generic
2021/12/19 21:56:10 [notice] 1#1: getrlimit(RLIMIT_NOFILE): 1048576:1048576
2021/12/19 21:56:10 [notice] 1#1: start worker processes
2021/12/19 21:56:10 [notice] 1#1: start worker process 32
2021/12/19 21:56:10 [notice] 1#1: start worker process 33
2021/12/19 21:56:10 [notice] 1#1: start worker process 34
2021/12/19 21:56:10 [notice] 1#1: start worker process 35
2021/12/19 21:56:49 [notice] 1#1: signal 3 (SIGQUIT) received, shutting down
2021/12/19 21:56:49 [notice] 34#34: gracefully shutting down
2021/12/19 21:56:49 [notice] 32#32: gracefully shutting down
2021/12/19 21:56:49 [notice] 34#34: exiting
2021/12/19 21:56:49 [notice] 32#32: exiting
2021/12/19 21:56:49 [notice] 33#33: gracefully shutting down
2021/12/19 21:56:49 [notice] 33#33: exiting
2021/12/19 21:56:49 [notice] 32#32: exit
2021/12/19 21:56:49 [notice] 34#34: exit
2021/12/19 21:56:49 [notice] 33#33: exit
2021/12/19 21:56:49 [notice] 35#35: gracefully shutting down
2021/12/19 21:56:49 [notice] 35#35: exiting
2021/12/19 21:56:49 [notice] 35#35: exit
2021/12/19 21:56:49 [notice] 1#1: signal 17 (SIGCHLD) received from 32
2021/12/19 21:56:49 [notice] 1#1: worker process 32 exited with code 0
2021/12/19 21:56:49 [notice] 1#1: worker process 33 exited with code 0
2021/12/19 21:56:49 [notice] 1#1: worker process 34 exited with code 0
2021/12/19 21:56:49 [notice] 1#1: signal 29 (SIGIO) received
2021/12/19 21:56:49 [notice] 1#1: signal 17 (SIGCHLD) received from 35
2021/12/19 21:56:49 [notice] 1#1: worker process 35 exited with code 0
2021/12/19 21:56:49 [notice] 1#1: exit
2021/12/19 21:57:51 [notice] 1#1: using the "epoll" event method
2021/12/19 21:57:51 [notice] 1#1: nginx/1.21.4
2021/12/19 21:57:51 [notice] 1#1: built by gcc 10.3.1 20210424 (Alpine 10.3.1_git20210424) 
2021/12/19 21:57:51 [notice] 1#1: OS: Linux 5.4.0-90-generic
2021/12/19 21:57:51 [notice] 1#1: getrlimit(RLIMIT_NOFILE): 1048576:1048576
2021/12/19 21:57:51 [notice] 1#1: start worker processes
2021/12/19 21:57:51 [notice] 1#1: start worker process 33
2021/12/19 21:57:51 [notice] 1#1: start worker process 34
2021/12/19 21:57:51 [notice] 1#1: start worker process 35
2021/12/19 21:57:51 [notice] 1#1: start worker process 36
2021/12/20 06:09:49 [notice] 1#1: signal 3 (SIGQUIT) received, shutting down
2021/12/20 06:09:49 [notice] 34#34: gracefully shutting down
2021/12/20 06:09:49 [notice] 35#35: gracefully shutting down
2021/12/20 06:09:49 [notice] 34#34: exiting
2021/12/20 06:09:49 [notice] 35#35: exiting
2021/12/20 06:09:49 [notice] 34#34: exit
2021/12/20 06:09:49 [notice] 35#35: exit
2021/12/20 06:09:49 [notice] 36#36: gracefully shutting down
2021/12/20 06:09:49 [notice] 36#36: exiting
2021/12/20 06:09:49 [notice] 36#36: exit
2021/12/20 06:09:49 [notice] 33#33: gracefully shutting down
2021/12/20 06:09:49 [notice] 33#33: exiting
2021/12/20 06:09:49 [notice] 33#33: exit
2021/12/20 06:09:49 [notice] 1#1: signal 17 (SIGCHLD) received from 36
2021/12/20 06:09:49 [notice] 1#1: worker process 36 exited with code 0
2021/12/20 06:09:49 [notice] 1#1: signal 29 (SIGIO) received
2021/12/20 06:09:49 [notice] 1#1: signal 17 (SIGCHLD) received from 34
2021/12/20 06:09:49 [notice] 1#1: worker process 34 exited with code 0
2021/12/20 06:09:49 [notice] 1#1: signal 29 (SIGIO) received
2021/12/20 06:09:49 [notice] 1#1: signal 17 (SIGCHLD) received from 33
2021/12/20 06:09:49 [notice] 1#1: worker process 33 exited with code 0
2021/12/20 06:09:49 [notice] 1#1: signal 29 (SIGIO) received
2021/12/20 06:09:49 [notice] 1#1: signal 17 (SIGCHLD) received from 35
2021/12/20 06:09:49 [notice] 1#1: worker process 35 exited with code 0
2021/12/20 06:09:49 [notice] 1#1: exit
2021/12/20 06:10:00 [notice] 1#1: using the "epoll" event method
2021/12/20 06:10:00 [notice] 1#1: nginx/1.21.4
2021/12/20 06:10:00 [notice] 1#1: built by gcc 10.3.1 20210424 (Alpine 10.3.1_git20210424) 
2021/12/20 06:10:00 [notice] 1#1: OS: Linux 5.4.0-90-generic
2021/12/20 06:10:00 [notice] 1#1: getrlimit(RLIMIT_NOFILE): 1048576:1048576
2021/12/20 06:10:00 [notice] 1#1: start worker processes
2021/12/20 06:10:00 [notice] 1#1: start worker process 33
2021/12/20 06:10:00 [notice] 1#1: start worker process 34
2021/12/20 06:10:00 [notice] 1#1: start worker process 35
2021/12/20 06:10:00 [notice] 1#1: start worker process 36
2021/12/20 06:14:20 [notice] 1#1: signal 3 (SIGQUIT) received, shutting down
2021/12/20 06:14:20 [notice] 35#35: gracefully shutting down
2021/12/20 06:14:20 [notice] 34#34: gracefully shutting down
2021/12/20 06:14:20 [notice] 36#36: gracefully shutting down
2021/12/20 06:14:20 [notice] 34#34: exiting
2021/12/20 06:14:20 [notice] 36#36: exiting
2021/12/20 06:14:20 [notice] 35#35: exiting
2021/12/20 06:14:20 [notice] 35#35: exit
2021/12/20 06:14:20 [notice] 36#36: exit
2021/12/20 06:14:20 [notice] 34#34: exit
2021/12/20 06:14:20 [notice] 33#33: gracefully shutting down
2021/12/20 06:14:20 [notice] 33#33: exiting
2021/12/20 06:14:20 [notice] 33#33: exit
2021/12/20 06:14:20 [notice] 1#1: signal 17 (SIGCHLD) received from 34
2021/12/20 06:14:20 [notice] 1#1: worker process 34 exited with code 0
2021/12/20 06:14:20 [notice] 1#1: worker process 35 exited with code 0
2021/12/20 06:14:20 [notice] 1#1: worker process 36 exited with code 0
2021/12/20 06:14:20 [notice] 1#1: signal 29 (SIGIO) received
2021/12/20 06:14:20 [notice] 1#1: signal 17 (SIGCHLD) received from 33
2021/12/20 06:14:20 [notice] 1#1: worker process 33 exited with code 0
2021/12/20 06:14:20 [notice] 1#1: exit
2021/12/20 06:20:29 [notice] 1#1: using the "epoll" event method
2021/12/20 06:20:29 [notice] 1#1: nginx/1.21.4
2021/12/20 06:20:29 [notice] 1#1: built by gcc 10.3.1 20210424 (Alpine 10.3.1_git20210424) 
2021/12/20 06:20:29 [notice] 1#1: OS: Linux 5.4.0-90-generic
2021/12/20 06:20:29 [notice] 1#1: getrlimit(RLIMIT_NOFILE): 1048576:1048576
2021/12/20 06:20:29 [notice] 1#1: start worker processes
2021/12/20 06:20:29 [notice] 1#1: start worker process 34
2021/12/20 06:20:29 [notice] 1#1: start worker process 35
2021/12/20 06:20:29 [notice] 1#1: start worker process 36
2021/12/20 06:20:29 [notice] 1#1: start worker process 37
2021/12/20 06:31:07 [notice] 1#1: signal 3 (SIGQUIT) received, shutting down
2021/12/20 06:31:07 [notice] 37#37: gracefully shutting down
2021/12/20 06:31:07 [notice] 35#35: gracefully shutting down
2021/12/20 06:31:07 [notice] 34#34: gracefully shutting down
2021/12/20 06:31:07 [notice] 37#37: exiting
2021/12/20 06:31:07 [notice] 34#34: exiting
2021/12/20 06:31:07 [notice] 35#35: exiting
2021/12/20 06:31:07 [notice] 35#35: exit
2021/12/20 06:31:07 [notice] 37#37: exit
2021/12/20 06:31:07 [notice] 34#34: exit
2021/12/20 06:31:07 [notice] 36#36: gracefully shutting down
2021/12/20 06:31:07 [notice] 36#36: exiting
2021/12/20 06:31:07 [notice] 36#36: exit
2021/12/20 06:31:07 [notice] 1#1: signal 17 (SIGCHLD) received from 37
2021/12/20 06:31:07 [notice] 1#1: worker process 34 exited with code 0
2021/12/20 06:31:07 [notice] 1#1: worker process 35 exited with code 0
2021/12/20 06:31:07 [notice] 1#1: worker process 37 exited with code 0
2021/12/20 06:31:07 [notice] 1#1: signal 29 (SIGIO) received
2021/12/20 06:31:07 [notice] 1#1: signal 17 (SIGCHLD) received from 36
2021/12/20 06:31:07 [notice] 1#1: worker process 36 exited with code 0
2021/12/20 06:31:07 [notice] 1#1: exit
2021/12/20 06:32:43 [notice] 1#1: using the "epoll" event method
2021/12/20 06:32:43 [notice] 1#1: nginx/1.21.4
2021/12/20 06:32:43 [notice] 1#1: built by gcc 10.3.1 20210424 (Alpine 10.3.1_git20210424) 
2021/12/20 06:32:43 [notice] 1#1: OS: Linux 5.4.0-90-generic
2021/12/20 06:32:43 [notice] 1#1: getrlimit(RLIMIT_NOFILE): 1048576:1048576
2021/12/20 06:32:43 [notice] 1#1: start worker processes
2021/12/20 06:32:43 [notice] 1#1: start worker process 32
2021/12/20 06:32:43 [notice] 1#1: start worker process 33
2021/12/20 06:32:43 [notice] 1#1: start worker process 34
2021/12/20 06:32:43 [notice] 1#1: start worker process 35
2021/12/20 07:37:47 [notice] 1#1: signal 3 (SIGQUIT) received, shutting down
2021/12/20 07:37:47 [notice] 32#32: gracefully shutting down
2021/12/20 07:37:47 [notice] 34#34: gracefully shutting down
2021/12/20 07:37:47 [notice] 33#33: gracefully shutting down
2021/12/20 07:37:47 [notice] 34#34: exiting
2021/12/20 07:37:47 [notice] 33#33: exiting
2021/12/20 07:37:47 [notice] 32#32: exiting
2021/12/20 07:37:47 [notice] 35#35: gracefully shutting down
2021/12/20 07:37:47 [notice] 32#32: exit
2021/12/20 07:37:47 [notice] 34#34: exit
2021/12/20 07:37:47 [notice] 35#35: exiting
2021/12/20 07:37:47 [notice] 35#35: exit
2021/12/20 07:37:47 [notice] 33#33: exit
2021/12/20 07:37:47 [notice] 1#1: signal 17 (SIGCHLD) received from 34
2021/12/20 07:37:47 [notice] 1#1: worker process 32 exited with code 0
2021/12/20 07:37:47 [notice] 1#1: worker process 34 exited with code 0
2021/12/20 07:37:47 [notice] 1#1: worker process 35 exited with code 0
2021/12/20 07:37:47 [notice] 1#1: signal 29 (SIGIO) received
2021/12/20 07:37:47 [notice] 1#1: signal 17 (SIGCHLD) received from 35
2021/12/20 07:37:47 [notice] 1#1: signal 17 (SIGCHLD) received from 33
2021/12/20 07:37:47 [notice] 1#1: worker process 33 exited with code 0
2021/12/20 07:37:47 [notice] 1#1: exit
2021/12/20 08:03:13 [notice] 1#1: using the "epoll" event method
2021/12/20 08:03:13 [notice] 1#1: nginx/1.21.4
2021/12/20 08:03:13 [notice] 1#1: built by gcc 10.3.1 20210424 (Alpine 10.3.1_git20210424) 
2021/12/20 08:03:13 [notice] 1#1: OS: Linux 5.4.0-90-generic
2021/12/20 08:03:13 [notice] 1#1: getrlimit(RLIMIT_NOFILE): 1048576:1048576
2021/12/20 08:03:13 [notice] 1#1: start worker processes
2021/12/20 08:03:13 [notice] 1#1: start worker process 32
2021/12/20 08:03:13 [notice] 1#1: start worker process 33
2021/12/20 08:03:13 [notice] 1#1: start worker process 34
2021/12/20 08:03:13 [notice] 1#1: start worker process 35
2021/12/20 08:13:34 [notice] 1#1: signal 3 (SIGQUIT) received, shutting down
2021/12/20 08:13:34 [notice] 32#32: gracefully shutting down
2021/12/20 08:13:34 [notice] 35#35: gracefully shutting down
2021/12/20 08:13:34 [notice] 34#34: gracefully shutting down
2021/12/20 08:13:34 [notice] 35#35: exiting
2021/12/20 08:13:34 [notice] 32#32: exiting
2021/12/20 08:13:34 [notice] 34#34: exiting
2021/12/20 08:13:34 [notice] 35#35: exit
2021/12/20 08:13:34 [notice] 34#34: exit
2021/12/20 08:13:34 [notice] 32#32: exit
2021/12/20 08:13:34 [notice] 33#33: gracefully shutting down
2021/12/20 08:13:34 [notice] 33#33: exiting
2021/12/20 08:13:34 [notice] 33#33: exit
2021/12/20 08:13:34 [notice] 1#1: signal 17 (SIGCHLD) received from 34
2021/12/20 08:13:34 [notice] 1#1: worker process 34 exited with code 0
2021/12/20 08:13:34 [notice] 1#1: signal 29 (SIGIO) received
2021/12/20 08:13:34 [notice] 1#1: signal 17 (SIGCHLD) received from 32
2021/12/20 08:13:34 [notice] 1#1: worker process 32 exited with code 0
2021/12/20 08:13:34 [notice] 1#1: signal 29 (SIGIO) received
2021/12/20 08:13:34 [notice] 1#1: signal 17 (SIGCHLD) received from 35
2021/12/20 08:13:34 [notice] 1#1: worker process 35 exited with code 0
2021/12/20 08:13:34 [notice] 1#1: signal 29 (SIGIO) received
2021/12/20 08:13:34 [notice] 1#1: signal 17 (SIGCHLD) received from 33
2021/12/20 08:13:34 [notice] 1#1: worker process 33 exited with code 0
2021/12/20 08:13:34 [notice] 1#1: exit
2021/12/20 08:15:09 [notice] 1#1: using the "epoll" event method
2021/12/20 08:15:09 [notice] 1#1: nginx/1.21.4
2021/12/20 08:15:09 [notice] 1#1: built by gcc 10.3.1 20210424 (Alpine 10.3.1_git20210424) 
2021/12/20 08:15:09 [notice] 1#1: OS: Linux 5.4.0-90-generic
2021/12/20 08:15:09 [notice] 1#1: getrlimit(RLIMIT_NOFILE): 1048576:1048576
2021/12/20 08:15:09 [notice] 1#1: start worker processes
2021/12/20 08:15:09 [notice] 1#1: start worker process 33
2021/12/20 08:15:09 [notice] 1#1: start worker process 34
2021/12/20 08:15:09 [notice] 1#1: start worker process 35
2021/12/20 08:15:09 [notice] 1#1: start worker process 36
2021/12/20 10:19:51 [notice] 1#1: signal 3 (SIGQUIT) received, shutting down
2021/12/20 10:19:51 [notice] 34#34: gracefully shutting down
2021/12/20 10:19:51 [notice] 34#34: exiting
2021/12/20 10:19:51 [notice] 34#34: exit
2021/12/20 10:19:51 [notice] 36#36: gracefully shutting down
2021/12/20 10:19:51 [notice] 36#36: exiting
2021/12/20 10:19:51 [notice] 36#36: exit
2021/12/20 10:19:51 [notice] 33#33: gracefully shutting down
2021/12/20 10:19:51 [notice] 33#33: exiting
2021/12/20 10:19:51 [notice] 33#33: exit
2021/12/20 10:19:51 [notice] 35#35: gracefully shutting down
2021/12/20 10:19:51 [notice] 35#35: exiting
2021/12/20 10:19:51 [notice] 35#35: exit
2021/12/20 10:19:51 [notice] 1#1: signal 17 (SIGCHLD) received from 36
2021/12/20 10:19:51 [notice] 1#1: worker process 34 exited with code 0
2021/12/20 10:19:51 [notice] 1#1: worker process 36 exited with code 0
2021/12/20 10:19:51 [notice] 1#1: signal 29 (SIGIO) received
2021/12/20 10:19:51 [notice] 1#1: signal 17 (SIGCHLD) received from 34
2021/12/20 10:19:51 [notice] 1#1: signal 17 (SIGCHLD) received from 33
2021/12/20 10:19:51 [notice] 1#1: worker process 33 exited with code 0
2021/12/20 10:19:51 [notice] 1#1: signal 29 (SIGIO) received
2021/12/20 10:19:51 [notice] 1#1: signal 17 (SIGCHLD) received from 35
2021/12/20 10:19:51 [notice] 1#1: worker process 35 exited with code 0
2021/12/20 10:19:51 [notice] 1#1: exit
2021/12/20 10:24:39 [notice] 1#1: using the "epoll" event method
2021/12/20 10:24:39 [notice] 1#1: nginx/1.21.4
2021/12/20 10:24:39 [notice] 1#1: built by gcc 10.3.1 20210424 (Alpine 10.3.1_git20210424) 
2021/12/20 10:24:39 [notice] 1#1: OS: Linux 5.4.0-91-generic
2021/12/20 10:24:39 [notice] 1#1: getrlimit(RLIMIT_NOFILE): 1048576:1048576
2021/12/20 10:24:39 [notice] 1#1: start worker processes
2021/12/20 10:24:39 [notice] 1#1: start worker process 33
2021/12/20 10:24:39 [notice] 1#1: start worker process 34
2021/12/20 10:24:39 [notice] 1#1: start worker process 35
2021/12/20 10:24:39 [notice] 1#1: start worker process 36
2021/12/20 10:29:22 [notice] 1#1: signal 3 (SIGQUIT) received, shutting down
2021/12/20 10:29:22 [notice] 34#34: gracefully shutting down
2021/12/20 10:29:22 [notice] 33#33: gracefully shutting down
2021/12/20 10:29:22 [notice] 35#35: gracefully shutting down
2021/12/20 10:29:22 [notice] 36#36: gracefully shutting down
2021/12/20 10:29:22 [notice] 34#34: exiting
2021/12/20 10:29:22 [notice] 33#33: exiting
2021/12/20 10:29:22 [notice] 35#35: exiting
2021/12/20 10:29:22 [notice] 36#36: exiting
2021/12/20 10:29:22 [notice] 34#34: exit
2021/12/20 10:29:22 [notice] 35#35: exit
2021/12/20 10:29:22 [notice] 36#36: exit
2021/12/20 10:29:22 [notice] 33#33: exit
2021/12/20 10:29:22 [notice] 1#1: signal 17 (SIGCHLD) received from 36
2021/12/20 10:29:22 [notice] 1#1: worker process 34 exited with code 0
2021/12/20 10:29:22 [notice] 1#1: worker process 36 exited with code 0
2021/12/20 10:29:22 [notice] 1#1: signal 29 (SIGIO) received
2021/12/20 10:29:22 [notice] 1#1: signal 17 (SIGCHLD) received from 35
2021/12/20 10:29:22 [notice] 1#1: worker process 35 exited with code 0
2021/12/20 10:29:22 [notice] 1#1: signal 29 (SIGIO) received
2021/12/20 10:29:22 [notice] 1#1: signal 17 (SIGCHLD) received from 33
2021/12/20 10:29:22 [notice] 1#1: worker process 33 exited with code 0
2021/12/20 10:29:22 [notice] 1#1: exit
2021/12/20 10:31:19 [notice] 1#1: using the "epoll" event method
2021/12/20 10:31:19 [notice] 1#1: nginx/1.21.4
2021/12/20 10:31:19 [notice] 1#1: built by gcc 10.3.1 20210424 (Alpine 10.3.1_git20210424) 
2021/12/20 10:31:19 [notice] 1#1: OS: Linux 5.4.0-91-generic
2021/12/20 10:31:19 [notice] 1#1: getrlimit(RLIMIT_NOFILE): 1048576:1048576
2021/12/20 10:31:19 [notice] 1#1: start worker processes
2021/12/20 10:31:19 [notice] 1#1: start worker process 33
2021/12/20 10:31:19 [notice] 1#1: start worker process 34
2021/12/20 10:31:19 [notice] 1#1: start worker process 35
2021/12/20 10:31:19 [notice] 1#1: start worker process 36
2021/12/20 11:33:18 [notice] 1#1: signal 3 (SIGQUIT) received, shutting down
2021/12/20 11:33:18 [notice] 34#34: gracefully shutting down
2021/12/20 11:33:18 [notice] 36#36: gracefully shutting down
2021/12/20 11:33:18 [notice] 36#36: exiting
2021/12/20 11:33:18 [notice] 34#34: exiting
2021/12/20 11:33:18 [notice] 34#34: exit
2021/12/20 11:33:18 [notice] 36#36: exit
2021/12/20 11:33:18 [notice] 35#35: gracefully shutting down
2021/12/20 11:33:18 [notice] 35#35: exiting
2021/12/20 11:33:18 [notice] 35#35: exit
2021/12/20 11:33:18 [notice] 33#33: gracefully shutting down
2021/12/20 11:33:18 [notice] 33#33: exiting
2021/12/20 11:33:18 [notice] 33#33: exit
2021/12/20 11:33:18 [notice] 1#1: signal 17 (SIGCHLD) received from 34
2021/12/20 11:33:18 [notice] 1#1: worker process 34 exited with code 0
2021/12/20 11:33:18 [notice] 1#1: signal 29 (SIGIO) received
2021/12/20 11:33:18 [notice] 1#1: signal 17 (SIGCHLD) received from 35
2021/12/20 11:33:18 [notice] 1#1: worker process 35 exited with code 0
2021/12/20 11:33:18 [notice] 1#1: signal 29 (SIGIO) received
2021/12/20 11:33:18 [notice] 1#1: signal 17 (SIGCHLD) received from 36
2021/12/20 11:33:18 [notice] 1#1: worker process 36 exited with code 0
2021/12/20 11:33:18 [notice] 1#1: signal 17 (SIGCHLD) received from 33
2021/12/20 11:33:18 [notice] 1#1: worker process 33 exited with code 0
2021/12/20 11:33:18 [notice] 1#1: exit
2021/12/20 11:34:12 [notice] 1#1: using the "epoll" event method
2021/12/20 11:34:12 [notice] 1#1: nginx/1.21.4
2021/12/20 11:34:12 [notice] 1#1: built by gcc 10.3.1 20210424 (Alpine 10.3.1_git20210424) 
2021/12/20 11:34:12 [notice] 1#1: OS: Linux 5.4.0-91-generic
2021/12/20 11:34:12 [notice] 1#1: getrlimit(RLIMIT_NOFILE): 1048576:1048576
2021/12/20 11:34:12 [notice] 1#1: start worker processes
2021/12/20 11:34:12 [notice] 1#1: start worker process 32
2021/12/20 11:34:12 [notice] 1#1: start worker process 33
2021/12/20 11:34:12 [notice] 1#1: start worker process 34
2021/12/20 11:34:12 [notice] 1#1: start worker process 35
2021/12/20 11:38:59 [notice] 1#1: signal 3 (SIGQUIT) received, shutting down
2021/12/20 11:38:59 [notice] 32#32: gracefully shutting down
2021/12/20 11:38:59 [notice] 33#33: gracefully shutting down
2021/12/20 11:38:59 [notice] 34#34: gracefully shutting down
2021/12/20 11:38:59 [notice] 32#32: exiting
2021/12/20 11:38:59 [notice] 33#33: exiting
2021/12/20 11:38:59 [notice] 34#34: exiting
2021/12/20 11:38:59 [notice] 34#34: exit
2021/12/20 11:38:59 [notice] 33#33: exit
2021/12/20 11:38:59 [notice] 32#32: exit
2021/12/20 11:38:59 [notice] 35#35: gracefully shutting down
2021/12/20 11:38:59 [notice] 35#35: exiting
2021/12/20 11:38:59 [notice] 35#35: exit
2021/12/20 11:38:59 [notice] 1#1: signal 17 (SIGCHLD) received from 34
2021/12/20 11:38:59 [notice] 1#1: worker process 32 exited with code 0
2021/12/20 11:38:59 [notice] 1#1: worker process 33 exited with code 0
2021/12/20 11:38:59 [notice] 1#1: worker process 34 exited with code 0
2021/12/20 11:38:59 [notice] 1#1: signal 29 (SIGIO) received
2021/12/20 11:38:59 [notice] 1#1: signal 17 (SIGCHLD) received from 33
2021/12/20 11:38:59 [notice] 1#1: signal 17 (SIGCHLD) received from 35
2021/12/20 11:38:59 [notice] 1#1: worker process 35 exited with code 0
2021/12/20 11:38:59 [notice] 1#1: exit
2021/12/20 11:41:08 [notice] 1#1: using the "epoll" event method
2021/12/20 11:41:08 [notice] 1#1: nginx/1.21.4
2021/12/20 11:41:08 [notice] 1#1: built by gcc 10.3.1 20210424 (Alpine 10.3.1_git20210424) 
2021/12/20 11:41:08 [notice] 1#1: OS: Linux 5.4.0-91-generic
2021/12/20 11:41:08 [notice] 1#1: getrlimit(RLIMIT_NOFILE): 1048576:1048576
2021/12/20 11:41:08 [notice] 1#1: start worker processes
2021/12/20 11:41:08 [notice] 1#1: start worker process 33
2021/12/20 11:41:08 [notice] 1#1: start worker process 34
2021/12/20 11:41:08 [notice] 1#1: start worker process 35
2021/12/20 11:41:08 [notice] 1#1: start worker process 36
2021/12/20 11:44:43 [notice] 1#1: signal 3 (SIGQUIT) received, shutting down
2021/12/20 11:44:43 [notice] 34#34: gracefully shutting down
2021/12/20 11:44:43 [notice] 35#35: gracefully shutting down
2021/12/20 11:44:43 [notice] 36#36: gracefully shutting down
2021/12/20 11:44:43 [notice] 33#33: gracefully shutting down
2021/12/20 11:44:43 [notice] 35#35: exiting
2021/12/20 11:44:43 [notice] 34#34: exiting
2021/12/20 11:44:43 [notice] 36#36: exiting
2021/12/20 11:44:43 [notice] 33#33: exiting
2021/12/20 11:44:43 [notice] 34#34: exit
2021/12/20 11:44:43 [notice] 35#35: exit
2021/12/20 11:44:43 [notice] 36#36: exit
2021/12/20 11:44:43 [notice] 33#33: exit
2021/12/20 11:44:43 [notice] 1#1: signal 17 (SIGCHLD) received from 35
2021/12/20 11:44:43 [notice] 1#1: worker process 33 exited with code 0
2021/12/20 11:44:43 [notice] 1#1: worker process 34 exited with code 0
2021/12/20 11:44:43 [notice] 1#1: worker process 35 exited with code 0
2021/12/20 11:44:43 [notice] 1#1: signal 29 (SIGIO) received
2021/12/20 11:44:43 [notice] 1#1: signal 17 (SIGCHLD) received from 33
2021/12/20 11:44:43 [notice] 1#1: signal 17 (SIGCHLD) received from 36
2021/12/20 11:44:43 [notice] 1#1: worker process 36 exited with code 0
2021/12/20 11:44:43 [notice] 1#1: exit
2021/12/20 11:47:13 [notice] 1#1: using the "epoll" event method
2021/12/20 11:47:13 [notice] 1#1: nginx/1.21.4
2021/12/20 11:47:13 [notice] 1#1: built by gcc 10.3.1 20210424 (Alpine 10.3.1_git20210424) 
2021/12/20 11:47:13 [notice] 1#1: OS: Linux 5.4.0-91-generic
2021/12/20 11:47:13 [notice] 1#1: getrlimit(RLIMIT_NOFILE): 1048576:1048576
2021/12/20 11:47:13 [notice] 1#1: start worker processes
2021/12/20 11:47:13 [notice] 1#1: start worker process 36
2021/12/20 11:47:13 [notice] 1#1: start worker process 37
2021/12/20 11:47:13 [notice] 1#1: start worker process 38
2021/12/20 11:47:13 [notice] 1#1: start worker process 39
2021/12/20 12:02:49 [notice] 1#1: signal 3 (SIGQUIT) received, shutting down
2021/12/20 12:02:49 [notice] 36#36: gracefully shutting down
2021/12/20 12:02:49 [notice] 38#38: gracefully shutting down
2021/12/20 12:02:49 [notice] 39#39: gracefully shutting down
2021/12/20 12:02:49 [notice] 36#36: exiting
2021/12/20 12:02:49 [notice] 39#39: exiting
2021/12/20 12:02:49 [notice] 38#38: exiting
2021/12/20 12:02:49 [notice] 36#36: exit
2021/12/20 12:02:49 [notice] 38#38: exit
2021/12/20 12:02:49 [notice] 39#39: exit
2021/12/20 12:02:49 [notice] 37#37: gracefully shutting down
2021/12/20 12:02:49 [notice] 37#37: exiting
2021/12/20 12:02:49 [notice] 37#37: exit
2021/12/20 12:02:50 [notice] 1#1: signal 17 (SIGCHLD) received from 39
2021/12/20 12:02:50 [notice] 1#1: worker process 36 exited with code 0
2021/12/20 12:02:50 [notice] 1#1: worker process 37 exited with code 0
2021/12/20 12:02:50 [notice] 1#1: worker process 39 exited with code 0
2021/12/20 12:02:50 [notice] 1#1: signal 29 (SIGIO) received
2021/12/20 12:02:50 [notice] 1#1: signal 17 (SIGCHLD) received from 37
2021/12/20 12:02:50 [notice] 1#1: signal 17 (SIGCHLD) received from 38
2021/12/20 12:02:50 [notice] 1#1: worker process 38 exited with code 0
2021/12/20 12:02:50 [notice] 1#1: exit
2021/12/20 12:02:58 [notice] 1#1: using the "epoll" event method
2021/12/20 12:02:58 [notice] 1#1: nginx/1.21.4
2021/12/20 12:02:58 [notice] 1#1: built by gcc 10.3.1 20210424 (Alpine 10.3.1_git20210424) 
2021/12/20 12:02:58 [notice] 1#1: OS: Linux 5.4.0-91-generic
2021/12/20 12:02:58 [notice] 1#1: getrlimit(RLIMIT_NOFILE): 1048576:1048576
2021/12/20 12:02:58 [notice] 1#1: start worker processes
2021/12/20 12:02:58 [notice] 1#1: start worker process 33
2021/12/20 12:02:58 [notice] 1#1: start worker process 34
2021/12/20 12:02:58 [notice] 1#1: start worker process 35
2021/12/20 12:02:58 [notice] 1#1: start worker process 36
2021/12/20 12:04:31 [notice] 1#1: signal 3 (SIGQUIT) received, shutting down
2021/12/20 12:04:31 [notice] 33#33: gracefully shutting down
2021/12/20 12:04:31 [notice] 34#34: gracefully shutting down
2021/12/20 12:04:31 [notice] 35#35: gracefully shutting down
2021/12/20 12:04:31 [notice] 36#36: gracefully shutting down
2021/12/20 12:04:31 [notice] 33#33: exiting
2021/12/20 12:04:31 [notice] 34#34: exiting
2021/12/20 12:04:31 [notice] 35#35: exiting
2021/12/20 12:04:31 [notice] 36#36: exiting
2021/12/20 12:04:31 [notice] 33#33: exit
2021/12/20 12:04:31 [notice] 34#34: exit
2021/12/20 12:04:31 [notice] 35#35: exit
2021/12/20 12:04:31 [notice] 36#36: exit
2021/12/20 12:04:31 [notice] 1#1: signal 17 (SIGCHLD) received from 36
2021/12/20 12:04:31 [notice] 1#1: worker process 33 exited with code 0
2021/12/20 12:04:31 [notice] 1#1: worker process 34 exited with code 0
2021/12/20 12:04:31 [notice] 1#1: worker process 36 exited with code 0
2021/12/20 12:04:31 [notice] 1#1: signal 29 (SIGIO) received
2021/12/20 12:04:31 [notice] 1#1: signal 17 (SIGCHLD) received from 34
2021/12/20 12:04:31 [notice] 1#1: signal 17 (SIGCHLD) received from 35
2021/12/20 12:04:31 [notice] 1#1: worker process 35 exited with code 0
2021/12/20 12:04:31 [notice] 1#1: exit
2021/12/20 12:04:43 [notice] 1#1: using the "epoll" event method
2021/12/20 12:04:43 [notice] 1#1: nginx/1.21.4
2021/12/20 12:04:43 [notice] 1#1: built by gcc 10.3.1 20210424 (Alpine 10.3.1_git20210424) 
2021/12/20 12:04:43 [notice] 1#1: OS: Linux 5.4.0-91-generic
2021/12/20 12:04:43 [notice] 1#1: getrlimit(RLIMIT_NOFILE): 1048576:1048576
2021/12/20 12:04:43 [notice] 1#1: start worker processes
2021/12/20 12:04:43 [notice] 1#1: start worker process 32
2021/12/20 12:04:43 [notice] 1#1: start worker process 33
2021/12/20 12:04:43 [notice] 1#1: start worker process 34
2021/12/20 12:04:43 [notice] 1#1: start worker process 35
2021/12/20 12:10:36 [notice] 1#1: signal 3 (SIGQUIT) received, shutting down
2021/12/20 12:10:36 [notice] 32#32: gracefully shutting down
2021/12/20 12:10:36 [notice] 33#33: gracefully shutting down
2021/12/20 12:10:36 [notice] 33#33: exiting
2021/12/20 12:10:36 [notice] 32#32: exiting
2021/12/20 12:10:36 [notice] 33#33: exit
2021/12/20 12:10:36 [notice] 32#32: exit
2021/12/20 12:10:36 [notice] 34#34: gracefully shutting down
2021/12/20 12:10:36 [notice] 34#34: exiting
2021/12/20 12:10:36 [notice] 34#34: exit
2021/12/20 12:10:36 [notice] 35#35: gracefully shutting down
2021/12/20 12:10:36 [notice] 35#35: exiting
2021/12/20 12:10:36 [notice] 35#35: exit
2021/12/20 12:10:36 [notice] 1#1: signal 17 (SIGCHLD) received from 32
2021/12/20 12:10:36 [notice] 1#1: worker process 32 exited with code 0
2021/12/20 12:10:36 [notice] 1#1: worker process 34 exited with code 0
2021/12/20 12:10:36 [notice] 1#1: signal 29 (SIGIO) received
2021/12/20 12:10:36 [notice] 1#1: signal 17 (SIGCHLD) received from 34
2021/12/20 12:10:36 [notice] 1#1: worker process 35 exited with code 0
2021/12/20 12:10:36 [notice] 1#1: signal 17 (SIGCHLD) received from 35
2021/12/20 12:10:36 [notice] 1#1: signal 17 (SIGCHLD) received from 33
2021/12/20 12:10:36 [notice] 1#1: worker process 33 exited with code 0
2021/12/20 12:10:36 [notice] 1#1: exit
